{
  "stats": {
    "suites": 0,
    "tests": 2,
    "passes": 2,
    "pending": 0,
    "failures": 0,
    "start": "2023-06-04T23:10:29.256Z",
    "end": "2023-06-04T23:10:33.348Z",
    "duration": 4092,
    "testsRegistered": 2,
    "passPercent": 100,
    "pendingPercent": 0,
    "other": 0,
    "hasOther": false,
    "skipped": 0,
    "hasSkipped": false
  },
  "results": [
    {
      "uuid": "57095c9e-6a22-4902-bbe3-c719312e3146",
      "title": "",
      "fullFile": "cypress\\e2e\\fileUploadDemo.cy.js",
      "file": "cypress\\e2e\\fileUploadDemo.cy.js",
      "beforeHooks": [],
      "afterHooks": [],
      "tests": [
        {
          "title": "Upload file",
          "fullTitle": "Upload file",
          "timedOut": null,
          "duration": 434,
          "state": "passed",
          "speed": "fast",
          "pass": true,
          "fail": false,
          "pending": false,
          "context": null,
          "code": "cy.visit('https://trytestingthis.netlify.app/');\ncy.get('#myfile').attachFile('sample.txt');",
          "err": {},
          "uuid": "84e6a160-c7a4-494d-9bc5-31418be9231d",
          "parentUUID": "57095c9e-6a22-4902-bbe3-c719312e3146",
          "isHook": false,
          "skipped": false
        },
        {
          "title": "Download file",
          "fullTitle": "Download file",
          "timedOut": null,
          "duration": 582,
          "state": "passed",
          "speed": "fast",
          "pass": true,
          "fail": false,
          "pending": false,
          "context": null,
          "code": "cy.downloadFile('https://upload.wikimedia.org/wikipedia/en/a/a9/Example.jpg', 'mydownloads', 'example.jpg');",
          "err": {},
          "uuid": "07813267-cb60-4e3e-a239-aecdf61f3d40",
          "parentUUID": "57095c9e-6a22-4902-bbe3-c719312e3146",
          "isHook": false,
          "skipped": false
        }
      ],
      "suites": [],
      "passes": [
        "84e6a160-c7a4-494d-9bc5-31418be9231d",
        "07813267-cb60-4e3e-a239-aecdf61f3d40"
      ],
      "failures": [],
      "pending": [],
      "skipped": [],
      "duration": 1016,
      "root": true,
      "rootEmpty": false,
      "_timeout": 2000
    }
  ],
  "meta": {
    "mocha": {
      "version": "7.0.1"
    },
    "mochawesome": {
      "options": {
        "quiet": false,
        "reportFilename": "mochawesome",
        "saveHtml": false,
        "saveJson": true,
        "consoleReporter": "spec",
        "useInlineDiffs": false,
        "code": true
      },
      "version": "7.1.3"
    },
    "marge": {
      "options": {
        "charts": true,
        "overwrite": false,
        "html": false,
        "json": true,
        "reportDir": "cypress/reports"
      },
      "version": "6.2.0"
    }
  }
}