{
  "stats": {
    "suites": 0,
    "tests": 1,
    "passes": 0,
    "pending": 0,
    "failures": 1,
    "start": "2023-06-04T23:11:08.040Z",
    "end": "2023-06-04T23:12:45.550Z",
    "duration": 97510,
    "testsRegistered": 1,
    "passPercent": 0,
    "pendingPercent": 0,
    "other": 0,
    "hasOther": false,
    "skipped": 0,
    "hasSkipped": false
  },
  "results": [
    {
      "uuid": "bdc1986f-bbb1-44c7-a44d-5cc552ba1119",
      "title": "",
      "fullFile": "cypress\\e2e\\test1.cy.js",
      "file": "cypress\\e2e\\test1.cy.js",
      "beforeHooks": [],
      "afterHooks": [],
      "tests": [
        {
          "title": "Google Search",
          "fullTitle": "Google Search",
          "timedOut": null,
          "duration": 94241,
          "state": "failed",
          "speed": null,
          "pass": false,
          "fail": true,
          "pending": false,
          "context": null,
          "code": "cy.visit('https://google.com');\ncy.get('.SDkEP').type('OK{Enter}');\ncy.wait(5000);\ncy.contains('Video').click();",
          "err": {
            "message": "CypressError: Timed out after waiting `60000ms` for your remote page to load.\n\nYour page did not fire its `load` event within `60000ms`.\n\nYou can try increasing the `pageLoadTimeout` value in `cypress.config.js` to wait longer.\n\nBrowsers will not fire the `load` event until all stylesheets and scripts are done downloading.\n\nWhen this `load` event occurs, Cypress will continue running commands.",
            "estack": "CypressError: Timed out after waiting `60000ms` for your remote page to load.\n\nYour page did not fire its `load` event within `60000ms`.\n\nYou can try increasing the `pageLoadTimeout` value in `cypress.config.js` to wait longer.\n\nBrowsers will not fire the `load` event until all stylesheets and scripts are done downloading.\n\nWhen this `load` event occurs, Cypress will continue running commands.\n    at timedOutWaitingForPageLoad (https://www.google.com/__cypress/runner/cypress_runner.js:146720:72)\n    at <unknown> (https://www.google.com/__cypress/runner/cypress_runner.js:147018:16)\n    at tryCatcher (https://www.google.com/__cypress/runner/cypress_runner.js:18744:23)\n    at <unknown> (https://www.google.com/__cypress/runner/cypress_runner.js:13866:41)\n    at tryCatcher (https://www.google.com/__cypress/runner/cypress_runner.js:18744:23)\n    at Promise._settlePromiseFromHandler (https://www.google.com/__cypress/runner/cypress_runner.js:16679:31)\n    at Promise._settlePromise (https://www.google.com/__cypress/runner/cypress_runner.js:16736:18)\n    at Promise._settlePromise0 (https://www.google.com/__cypress/runner/cypress_runner.js:16781:10)\n    at Promise._settlePromises (https://www.google.com/__cypress/runner/cypress_runner.js:16857:18)\n    at _drainQueueStep (https://www.google.com/__cypress/runner/cypress_runner.js:13451:12)\n    at _drainQueue (https://www.google.com/__cypress/runner/cypress_runner.js:13444:9)\n    at ../../node_modules/bluebird/js/release/async.js.Async._drainQueues (https://www.google.com/__cypress/runner/cypress_runner.js:13460:5)\n    at Async.drainQueues (https://www.google.com/__cypress/runner/cypress_runner.js:13330:14)",
            "diff": null
          },
          "uuid": "51e08d5a-b643-441c-9d87-5f1e85d4191a",
          "parentUUID": "bdc1986f-bbb1-44c7-a44d-5cc552ba1119",
          "isHook": false,
          "skipped": false
        }
      ],
      "suites": [],
      "passes": [],
      "failures": [
        "51e08d5a-b643-441c-9d87-5f1e85d4191a"
      ],
      "pending": [],
      "skipped": [],
      "duration": 94241,
      "root": true,
      "rootEmpty": false,
      "_timeout": 2000
    }
  ],
  "meta": {
    "mocha": {
      "version": "7.0.1"
    },
    "mochawesome": {
      "options": {
        "quiet": false,
        "reportFilename": "mochawesome",
        "saveHtml": false,
        "saveJson": true,
        "consoleReporter": "spec",
        "useInlineDiffs": false,
        "code": true
      },
      "version": "7.1.3"
    },
    "marge": {
      "options": {
        "charts": true,
        "overwrite": false,
        "html": false,
        "json": true,
        "reportDir": "cypress/reports"
      },
      "version": "6.2.0"
    }
  }
}