{
  "stats": {
    "suites": 1,
    "tests": 2,
    "passes": 2,
    "pending": 0,
    "failures": 0,
    "start": "2023-06-04T23:10:37.747Z",
    "end": "2023-06-04T23:10:50.321Z",
    "duration": 12574,
    "testsRegistered": 2,
    "passPercent": 100,
    "pendingPercent": 0,
    "other": 0,
    "hasOther": false,
    "skipped": 0,
    "hasSkipped": false
  },
  "results": [
    {
      "uuid": "4414fca2-ea2b-46a9-a20c-b89588c8d301",
      "title": "",
      "fullFile": "cypress\\e2e\\pomDemo.cy.js",
      "file": "cypress\\e2e\\pomDemo.cy.js",
      "beforeHooks": [],
      "afterHooks": [],
      "tests": [],
      "suites": [
        {
          "uuid": "9a49d233-9167-4cf4-876d-e7826ca40bc2",
          "title": "Login Test",
          "fullFile": "",
          "file": "",
          "beforeHooks": [],
          "afterHooks": [],
          "tests": [
            {
              "title": "Login 1",
              "fullTitle": "Login Test Login 1",
              "timedOut": null,
              "duration": 6458,
              "state": "passed",
              "speed": "medium",
              "pass": true,
              "fail": false,
              "pending": false,
              "context": null,
              "code": "loginPage.enterUsername('Admin');\nloginPage.enterPassword('admin12');\nloginPage.clickLoginButton();\ncy.wait(2000);",
              "err": {},
              "uuid": "d9d88cfe-ebf1-4ef2-a0bc-ea768e4b7993",
              "parentUUID": "9a49d233-9167-4cf4-876d-e7826ca40bc2",
              "isHook": false,
              "skipped": false
            },
            {
              "title": "Login 2",
              "fullTitle": "Login Test Login 2",
              "timedOut": null,
              "duration": 2858,
              "state": "passed",
              "speed": "fast",
              "pass": true,
              "fail": false,
              "pending": false,
              "context": null,
              "code": "loginPage.enterUsername('Admin');\nloginPage.enterPassword('admin123');\nloginPage.clickLoginButton();",
              "err": {},
              "uuid": "5c44d33d-df04-4d6e-873d-c1f7a788c630",
              "parentUUID": "9a49d233-9167-4cf4-876d-e7826ca40bc2",
              "isHook": false,
              "skipped": false
            }
          ],
          "suites": [],
          "passes": [
            "d9d88cfe-ebf1-4ef2-a0bc-ea768e4b7993",
            "5c44d33d-df04-4d6e-873d-c1f7a788c630"
          ],
          "failures": [],
          "pending": [],
          "skipped": [],
          "duration": 9316,
          "root": false,
          "rootEmpty": false,
          "_timeout": 2000
        }
      ],
      "passes": [],
      "failures": [],
      "pending": [],
      "skipped": [],
      "duration": 0,
      "root": true,
      "rootEmpty": true,
      "_timeout": 2000
    }
  ],
  "meta": {
    "mocha": {
      "version": "7.0.1"
    },
    "mochawesome": {
      "options": {
        "quiet": false,
        "reportFilename": "mochawesome",
        "saveHtml": false,
        "saveJson": true,
        "consoleReporter": "spec",
        "useInlineDiffs": false,
        "code": true
      },
      "version": "7.1.3"
    },
    "marge": {
      "options": {
        "charts": true,
        "overwrite": false,
        "html": false,
        "json": true,
        "reportDir": "cypress/reports"
      },
      "version": "6.2.0"
    }
  }
}