{
  "stats": {
    "suites": 0,
    "tests": 1,
    "passes": 1,
    "pending": 0,
    "failures": 0,
    "start": "2023-06-04T23:10:19.326Z",
    "end": "2023-06-04T23:10:24.269Z",
    "duration": 4943,
    "testsRegistered": 1,
    "passPercent": 100,
    "pendingPercent": 0,
    "other": 0,
    "hasOther": false,
    "skipped": 0,
    "hasSkipped": false
  },
  "results": [
    {
      "uuid": "1d9f5486-8f07-486d-bd30-ee6209feb8cc",
      "title": "",
      "fullFile": "cypress\\e2e\\assertionsDemo.cy.js",
      "file": "cypress\\e2e\\assertionsDemo.cy.js",
      "beforeHooks": [],
      "afterHooks": [],
      "tests": [
        {
          "title": "Assertions Demo",
          "fullTitle": "Assertions Demo",
          "timedOut": null,
          "duration": 1674,
          "state": "passed",
          "speed": "fast",
          "pass": true,
          "fail": false,
          "pending": false,
          "context": null,
          "code": "cy.visit('https://example.cypress.io');\n//cy.wait(5000)\ncy.contains('get').click();\ncy.get('#query-btn').should('contain', 'Button').and('be.visible').and('be.enabled');\nassert.strictEqual('4', '4', 'EQUAL');",
          "err": {},
          "uuid": "4fba7a99-3626-4b3f-838b-9481887624d2",
          "parentUUID": "1d9f5486-8f07-486d-bd30-ee6209feb8cc",
          "isHook": false,
          "skipped": false
        }
      ],
      "suites": [],
      "passes": [
        "4fba7a99-3626-4b3f-838b-9481887624d2"
      ],
      "failures": [],
      "pending": [],
      "skipped": [],
      "duration": 1674,
      "root": true,
      "rootEmpty": false,
      "_timeout": 2000
    }
  ],
  "meta": {
    "mocha": {
      "version": "7.0.1"
    },
    "mochawesome": {
      "options": {
        "quiet": false,
        "reportFilename": "mochawesome",
        "saveHtml": false,
        "saveJson": true,
        "consoleReporter": "spec",
        "useInlineDiffs": false,
        "code": true
      },
      "version": "7.1.3"
    },
    "marge": {
      "options": {
        "charts": true,
        "overwrite": false,
        "html": false,
        "json": true,
        "reportDir": "cypress/reports"
      },
      "version": "6.2.0"
    }
  }
}